<?xml version="1.0" encoding="UTF-8"?>
<!-- Generated by org.testng.reporters.JUnitXMLReporter -->
<testsuite ignored="0" hostname="Juhi_Sanal" failures="1" tests="1" name="Surefire test" time="9.367" errors="0" timestamp="2024-11-25T18:06:47 IST">
  <testcase classname="io.cucumber.testng.AbstractTestNGCucumberTests" name="runScenario" time="6.855">
    <failure type="java.lang.AssertionError" message="expected [test_011] but found [test_01]">
      <![CDATA[java.lang.AssertionError: expected [test_011] but found [test_01]
at PageObjects.LoginPage.verifyTitle(LoginPage.java:34)
at StepDefinition.StepDefs.thePageTitleShouldContain(StepDefs.java:61)
at âœ½.verify the page title(file:///C:/Users/juhim/eclipse-workspace/AutomationPOC/src/test/resources/Features/Launch.feature:8)
... Removed 6 stack frames]]>
    </failure>
  </testcase> <!-- runScenario -->
</testsuite> <!-- Surefire test -->
