<?xml version="1.0" encoding="UTF-8"?>
<testng-results ignored="0" total="1" passed="0" failed="1" skipped="0">
  <reporter-output>
  </reporter-output>
  <suite started-at="2024-11-25T18:57:34 IST" name="Default suite" finished-at="2024-11-25T18:57:50 IST" duration-ms="16003">
    <groups>
      <group name="cucumber">
        <method signature="AbstractTestNGCucumberTests.runScenario(io.cucumber.testng.PickleWrapper,io.cucumber.testng.FeatureWrapper)[pri:0, instance:CucumberExecutor.TestRunner@2dfaea86]" name="runScenario" class="io.cucumber.testng.AbstractTestNGCucumberTests"/>
      </group> <!-- cucumber -->
    </groups>
    <test started-at="2024-11-25T18:57:34 IST" name="Default test" finished-at="2024-11-25T18:57:50 IST" duration-ms="16003">
      <class name="CucumberExecutor.TestRunner">
        <test-method is-config="true" signature="setUpClass(org.testng.ITestContext)[pri:0, instance:CucumberExecutor.TestRunner@2dfaea86]" started-at="2024-11-25T18:57:34 IST" name="setUpClass" finished-at="2024-11-25T18:57:35 IST" duration-ms="603" status="PASS">
          <params>
            <param index="0">
              <value>
                <![CDATA[org.testng.TestRunner@1e3566e]]>
              </value>
            </param>
          </params>
          <reporter-output>
          </reporter-output>
        </test-method> <!-- setUpClass -->
        <test-method is-config="true" signature="setUp()[pri:0, instance:CucumberExecutor.TestRunner@2dfaea86]" started-at="2024-11-25T18:57:35 IST" name="setUp" finished-at="2024-11-25T18:57:37 IST" duration-ms="1637" status="PASS">
          <reporter-output>
          </reporter-output>
        </test-method> <!-- setUp -->
        <test-method signature="runScenario(io.cucumber.testng.PickleWrapper,io.cucumber.testng.FeatureWrapper)[pri:0, instance:CucumberExecutor.TestRunner@2dfaea86]" started-at="2024-11-25T18:57:37 IST" name="runScenario" description="Runs Cucumber Scenarios" data-provider="scenarios" finished-at="2024-11-25T18:57:50 IST" duration-ms="13367" status="FAIL">
          <params>
            <param index="0">
              <value>
                <![CDATA["Verify that a new user log in, and place an order"]]>
              </value>
            </param>
            <param index="1">
              <value>
                <![CDATA["Navigate to a URL"]]>
              </value>
            </param>
          </params>
          <exception class="java.lang.AssertionError">
            <message>
              <![CDATA[expected [test_011] but found [test_01]]]>
            </message>
            <full-stacktrace>
              <![CDATA[java.lang.AssertionError: expected [test_011] but found [test_01]
at org.testng.Assert.fail(Assert.java:110)
at org.testng.Assert.failNotEquals(Assert.java:1413)
at org.testng.Assert.assertEqualsImpl(Assert.java:149)
at org.testng.Assert.assertEquals(Assert.java:131)
at org.testng.Assert.assertEquals(Assert.java:655)
at org.testng.Assert.assertEquals(Assert.java:665)
at PageObjects.LoginPage.verifyTitle(LoginPage.java:35)
at StepDefinition.StepDefs.thePageTitleShouldContain(StepDefs.java:73)
at âœ½.verify the page title(file:///C:/Users/juhim/eclipse-workspace/AutomationPOC/src/test/resources/Features/Launch.feature:8)
]]>
            </full-stacktrace>
          </exception> <!-- java.lang.AssertionError -->
          <reporter-output>
          </reporter-output>
        </test-method> <!-- runScenario -->
        <test-method is-config="true" signature="tearDownClass()[pri:0, instance:CucumberExecutor.TestRunner@2dfaea86]" started-at="2024-11-25T18:57:50 IST" name="tearDownClass" finished-at="2024-11-25T18:57:50 IST" duration-ms="357" status="PASS">
          <reporter-output>
          </reporter-output>
        </test-method> <!-- tearDownClass -->
        <test-method is-config="true" signature="closeBrowser()[pri:0, instance:CucumberExecutor.TestRunner@2dfaea86]" started-at="2024-11-25T18:57:50 IST" name="closeBrowser" finished-at="2024-11-25T18:57:50 IST" duration-ms="0" status="PASS">
          <reporter-output>
          </reporter-output>
        </test-method> <!-- closeBrowser -->
      </class> <!-- CucumberExecutor.TestRunner -->
    </test> <!-- Default test -->
  </suite> <!-- Default suite -->
</testng-results>
