<?xml version="1.0" encoding="UTF-8"?>
<!-- Generated by org.testng.reporters.JUnitReportReporter -->
<testsuite hostname="Juhi_Sanal" failures="1" tests="1" name="CucumberExecutor.TestRunner" time="6.855" errors="0" timestamp="2024-11-25T18:06:47 IST" skipped="0">
  <testcase classname="CucumberExecutor.TestRunner" name="runScenario" time="6.855">
    <failure message="expected [test_011] but found [test_01]" type="java.lang.AssertionError">
      <![CDATA[java.lang.AssertionError: expected [test_011] but found [test_01]
at org.testng.Assert.fail(Assert.java:110)
at org.testng.Assert.failNotEquals(Assert.java:1413)
at org.testng.Assert.assertEqualsImpl(Assert.java:149)
at org.testng.Assert.assertEquals(Assert.java:131)
at org.testng.Assert.assertEquals(Assert.java:655)
at org.testng.Assert.assertEquals(Assert.java:665)
at PageObjects.LoginPage.verifyTitle(LoginPage.java:34)
at StepDefinition.StepDefs.thePageTitleShouldContain(StepDefs.java:61)
at âœ½.verify the page title(file:///C:/Users/juhim/eclipse-workspace/AutomationPOC/src/test/resources/Features/Launch.feature:8)
]]>
    </failure>
  </testcase> <!-- runScenario -->
  <system-out/>
</testsuite> <!-- CucumberExecutor.TestRunner -->
